<?xml version="1.0" encoding="UTF-8"?>
<!-- Generated by org.testng.reporters.JUnitXMLReporter -->
<testsuite ignored="0" hostname="DESKTOP-J7DNQ9P" failures="1" tests="1" name="Test" time="20.561" errors="0" timestamp="2023-11-29T15:16:57 IST">
  <testcase classname="TestCases.TC_SearchHotel_003" name="searchhotelTest" time="5.137">
    <failure type="junit.framework.AssertionFailedError">
      <![CDATA[junit.framework.AssertionFailedError
at junit.framework.Assert.fail(Assert.java:47)
at junit.framework.Assert.assertTrue(Assert.java:20)
at junit.framework.Assert.assertTrue(Assert.java:27)
at TestCases.TC_SearchHotel_003.searchhotelTest(TC_SearchHotel_003.java:62)
at java.base/java.util.ArrayList.forEach(ArrayList.java:1541)
... Removed 27 stack frames]]>
    </failure>
  </testcase> <!-- searchhotelTest -->
</testsuite> <!-- Test -->
